<?xml version="1.0" encoding="UTF-8"?>
<robot generator="Robot 7.4.1 (Python 3.9.6 on darwin)" generated="2026-03-01T14:14:02.302418" rpa="false" schemaversion="5">
<suite id="s1" name="Login Page" source="/Users/purimph/workspaces/ODDS/practice/Robot_ODTxMerchandise/tests/login_page.robot">
<test id="s1-t1" name="Check ODT x Merchandise website" line="10">
<kw name="New Browser" owner="Browser">
<msg time="2026-03-01T14:14:02.460277" level="INFO">{"browser": "chromium", "headless": false, "chromiumSandbox": false, "devtools": false, "handleSIGHUP": true, "handleSIGINT": true, "handleSIGTERM": true, "slowMo": 0.0, "timeout": 30000.0, "tracesDir": "/Users/purimph/workspaces/ODDS/practice/Robot_ODTxMerchandise/tests/browser/traces/temp/bb657d01-70d8-4a69-a515-1ec59f023255"}</msg>
<msg time="2026-03-01T14:14:02.534494" level="INFO">Starting Browser process /Users/purimph/Library/Python/3.9/lib/python/site-packages/Browser/wrapper/index.js using at 127.0.0.1:54274</msg>
<msg time="2026-03-01T14:14:04.679345" level="INFO">Successfully created browser with options: {"browser":"chromium","headless":false,"chromiumSandbox":false,"devtools":false,"handleSIGHUP":true,"handleSIGINT":true,"handleSIGTERM":true,"slowMo":0,"timeout":30000,"tracesDir":"/Users/purimph/workspaces/ODDS/practice/Robot_ODTxMerchandise/tests/browser/traces/temp/bb657d01-70d8-4a69-a515-1ec59f023255"}</msg>
<arg>chromium</arg>
<arg>headless=False</arg>
<tag>BrowserControl</tag>
<tag>Setter</tag>
<doc>Create a new playwright Browser with specified options.</doc>
<status status="PASS" start="2026-03-01T14:14:02.459936" elapsed="2.219919"/>
</kw>
<kw name="New Context" owner="Browser">
<msg time="2026-03-01T14:14:04.683139" level="INFO">{
  "acceptDownloads": true,
  "bypassCSP": false,
  "forcedColors": "none",
  "ignoreHTTPSErrors": false,
  "javaScriptEnabled": true,
  "offline": false,
  "reducedMotion": "no-preference",
  "serviceWorkers": "allow",
  "viewport": {
    "width": 1280,
    "height": 720
  }
}</msg>
<msg time="2026-03-01T14:14:04.709444" level="INFO">Successfully created context. </msg>
<msg time="2026-03-01T14:14:04.709508" level="INFO">{'acceptDownloads': True, 'bypassCSP': False, 'forcedColors': 'none', 'ignoreHTTPSErrors': False, 'javaScriptEnabled': True, 'offline': False, 'reducedMotion': 'no-preference', 'serviceWorkers': 'allow', 'viewport': {'width': 1280, 'height': 720}}</msg>
<tag>BrowserControl</tag>
<tag>Setter</tag>
<doc>Create a new BrowserContext with specified options.</doc>
<status status="PASS" start="2026-03-01T14:14:04.680561" elapsed="0.029006"/>
</kw>
<kw name="New Page" owner="Browser">
<msg time="2026-03-01T14:14:06.448556" level="INFO">Successfully initialized new page object and opened url: https://merchandise-dev.odds.team/index.html</msg>
<arg>${url}</arg>
<tag>BrowserControl</tag>
<tag>Setter</tag>
<doc>Open a new Page.</doc>
<status status="PASS" start="2026-03-01T14:14:04.709753" elapsed="1.739261"/>
</kw>
<kw name="Get Text" owner="Browser">
<msg time="2026-03-01T14:14:06.497886" level="INFO">Text: 'ODT x merchandise'</msg>
<msg time="2026-03-01T14:14:06.498034" level="INFO">${title} = ODT x merchandise</msg>
<var>${title}</var>
<arg>text=ODT x merchandise</arg>
<tag>Assertion</tag>
<tag>Getter</tag>
<tag>PageContent</tag>
<doc>Returns text attribute of the element found by ``selector``.</doc>
<status status="PASS" start="2026-03-01T14:14:06.449496" elapsed="0.048563"/>
</kw>
<kw name="Should Be Equal" owner="BuiltIn">
<arg>${title}</arg>
<arg>${text}</arg>
<doc>Fails if the given objects are unequal.</doc>
<status status="PASS" start="2026-03-01T14:14:06.498263" elapsed="0.000357"/>
</kw>
<kw name="Wait For Elements State" owner="Browser">
<msg time="2026-03-01T14:14:06.502278" level="INFO">Waited for Element with selector id=login-field at state visible</msg>
<arg>id=login-field</arg>
<arg>visible</arg>
<tag>PageContent</tag>
<tag>Wait</tag>
<doc>Waits for the element found by ``selector`` to satisfy state option.</doc>
<status status="PASS" start="2026-03-01T14:14:06.498741" elapsed="0.003622"/>
</kw>
<kw name="Wait For Elements State" owner="Browser">
<msg time="2026-03-01T14:14:06.505419" level="INFO">Waited for Element with selector id=password-field at state visible</msg>
<arg>id=password-field</arg>
<arg>visible</arg>
<tag>PageContent</tag>
<tag>Wait</tag>
<doc>Waits for the element found by ``selector`` to satisfy state option.</doc>
<status status="PASS" start="2026-03-01T14:14:06.502524" elapsed="0.002964"/>
</kw>
<kw name="Wait For Elements State" owner="Browser">
<msg time="2026-03-01T14:14:06.507963" level="INFO">Waited for Element with selector id=submit-button at state visible</msg>
<arg>id=submit-button</arg>
<arg>visible</arg>
<tag>PageContent</tag>
<tag>Wait</tag>
<doc>Waits for the element found by ``selector`` to satisfy state option.</doc>
<status status="PASS" start="2026-03-01T14:14:06.505610" elapsed="0.002427"/>
</kw>
<kw name="Close Browser" owner="Browser">
<msg time="2026-03-01T14:14:06.713460" level="INFO">Closed browser</msg>
<tag>BrowserControl</tag>
<tag>Setter</tag>
<doc>Closes the current browser.</doc>
<status status="PASS" start="2026-03-01T14:14:06.508162" elapsed="0.205406"/>
</kw>
<status status="PASS" start="2026-03-01T14:14:02.459370" elapsed="4.254397"/>
</test>
<status status="PASS" start="2026-03-01T14:14:02.303672" elapsed="4.412824"/>
</suite>
<statistics>
<total>
<stat pass="1" fail="0" skip="0">All Tests</stat>
</total>
<tag>
</tag>
<suite>
<stat name="Login Page" id="s1" pass="1" fail="0" skip="0">Login Page</stat>
</suite>
</statistics>
<errors>
</errors>
</robot>
