<?xml version="1.0" encoding="UTF-8"?>
<robot generator="Robot 7.4.1 (Python 3.9.6 on darwin)" generated="2026-03-02T17:32:17.861752" rpa="false" schemaversion="5">
<suite id="s1" name="Tests" source="/Users/purimph/workspaces/ODDS/practice/Robot_ODTxMerchandise/tests">
<suite id="s1-s1" name="Successfully Flow" source="/Users/purimph/workspaces/ODDS/practice/Robot_ODTxMerchandise/tests/successfully_flow.robot">
<kw name="Open Browser To ODT" owner="common" type="SETUP">
<kw name="New Browser" owner="Browser">
<msg time="2026-03-02T17:32:18.029190" level="INFO">{"browser": "chromium", "headless": false, "chromiumSandbox": false, "devtools": false, "handleSIGHUP": true, "handleSIGINT": true, "handleSIGTERM": true, "slowMo": 0.0, "timeout": 30000.0, "tracesDir": "/Users/purimph/workspaces/ODDS/practice/Robot_ODTxMerchandise/results/browser/traces/temp/a8b7966c-18d9-4624-b41a-3cab8f4252ab"}</msg>
<msg time="2026-03-02T17:32:18.112026" level="INFO">Starting Browser process /Users/purimph/Library/Python/3.9/lib/python/site-packages/Browser/wrapper/index.js using at 127.0.0.1:63975</msg>
<msg time="2026-03-02T17:32:20.456511" level="INFO">Successfully created browser with options: {"browser":"chromium","headless":false,"chromiumSandbox":false,"devtools":false,"handleSIGHUP":true,"handleSIGINT":true,"handleSIGTERM":true,"slowMo":0,"timeout":30000,"tracesDir":"/Users/purimph/workspaces/ODDS/practice/Robot_ODTxMerchandise/results/browser/traces/temp/a8b7966c-18d9-4624-b41a-3cab8f4252ab"}</msg>
<arg>chromium</arg>
<arg>headless=False</arg>
<tag>BrowserControl</tag>
<tag>Setter</tag>
<doc>Create a new playwright Browser with specified options.</doc>
<status status="PASS" start="2026-03-02T17:32:18.028856" elapsed="2.428000"/>
</kw>
<kw name="New Context" owner="Browser">
<msg time="2026-03-02T17:32:20.459175" level="INFO">{
  "acceptDownloads": true,
  "bypassCSP": false,
  "forcedColors": "none",
  "ignoreHTTPSErrors": false,
  "javaScriptEnabled": true,
  "offline": false,
  "reducedMotion": "no-preference",
  "serviceWorkers": "allow",
  "viewport": {
    "height": 720,
    "width": 1280
  }
}</msg>
<msg time="2026-03-02T17:32:20.489883" level="INFO">Successfully created context. </msg>
<msg time="2026-03-02T17:32:20.489949" level="INFO">{'acceptDownloads': True, 'bypassCSP': False, 'forcedColors': 'none', 'ignoreHTTPSErrors': False, 'javaScriptEnabled': True, 'offline': False, 'reducedMotion': 'no-preference', 'serviceWorkers': 'allow', 'viewport': {'height': 720, 'width': 1280}}</msg>
<tag>BrowserControl</tag>
<tag>Setter</tag>
<doc>Create a new BrowserContext with specified options.</doc>
<status status="PASS" start="2026-03-02T17:32:20.457280" elapsed="0.032730"/>
</kw>
<kw name="New Page" owner="Browser">
<msg time="2026-03-02T17:32:21.789140" level="INFO">Successfully initialized new page object and opened url: https://merchandise-dev.odds.team/index.html</msg>
<arg>${BASE_URL}</arg>
<tag>BrowserControl</tag>
<tag>Setter</tag>
<doc>Open a new Page.</doc>
<status status="PASS" start="2026-03-02T17:32:20.490164" elapsed="1.299435"/>
</kw>
<status status="PASS" start="2026-03-02T17:32:18.028498" elapsed="3.761525"/>
</kw>
<test id="s1-s1-t1" name="ODT x Merchandise website" line="18">
<kw name="Open ODT x Merchandise website" owner="login_page">
<kw name="Go To" owner="Browser">
<msg time="2026-03-02T17:32:21.882738" level="INFO">Successfully opened URL https://merchandise-dev.odds.team/index.html</msg>
<arg>${BASE_URL}</arg>
<tag>BrowserControl</tag>
<tag>Setter</tag>
<doc>Navigates to the given ``url``.</doc>
<status status="PASS" start="2026-03-02T17:32:21.807889" elapsed="0.074975"/>
</kw>
<kw name="Wait For Elements State" owner="Browser">
<msg time="2026-03-02T17:32:21.899846" level="INFO">Waited for Element with selector text=ODT x merchandise at state visible</msg>
<arg>text=${SITE_TEXT}</arg>
<arg>visible</arg>
<tag>PageContent</tag>
<tag>Wait</tag>
<doc>Waits for the element found by ``selector`` to satisfy state option.</doc>
<status status="PASS" start="2026-03-02T17:32:21.883022" elapsed="0.016945"/>
</kw>
<kw name="Wait For Elements State" owner="Browser">
<msg time="2026-03-02T17:32:21.902789" level="INFO">Waited for Element with selector id=login-field at state visible</msg>
<arg>${USERNAME_FIELD}</arg>
<arg>visible</arg>
<tag>PageContent</tag>
<tag>Wait</tag>
<doc>Waits for the element found by ``selector`` to satisfy state option.</doc>
<status status="PASS" start="2026-03-02T17:32:21.900127" elapsed="0.002767"/>
</kw>
<kw name="Wait For Elements State" owner="Browser">
<msg time="2026-03-02T17:32:21.905785" level="INFO">Waited for Element with selector id=password-field at state visible</msg>
<arg>${PASSWORD_FIELD}</arg>
<arg>visible</arg>
<tag>PageContent</tag>
<tag>Wait</tag>
<doc>Waits for the element found by ``selector`` to satisfy state option.</doc>
<status status="PASS" start="2026-03-02T17:32:21.903044" elapsed="0.002817"/>
</kw>
<kw name="Wait For Elements State" owner="Browser">
<msg time="2026-03-02T17:32:21.908002" level="INFO">Waited for Element with selector id=submit-button at state visible</msg>
<arg>${LOGIN_BUTTON}</arg>
<arg>visible</arg>
<tag>PageContent</tag>
<tag>Wait</tag>
<doc>Waits for the element found by ``selector`` to satisfy state option.</doc>
<status status="PASS" start="2026-03-02T17:32:21.905972" elapsed="0.002098"/>
</kw>
<status status="PASS" start="2026-03-02T17:32:21.807293" elapsed="0.100839"/>
</kw>
<kw name="User login with valid account" owner="login_page">
<kw name="Fill Text" owner="Browser">
<msg time="2026-03-02T17:32:21.908804" level="INFO">Fills the text 'customer1' in the given field.</msg>
<arg>${USERNAME_FIELD}</arg>
<arg>${username}</arg>
<tag>PageContent</tag>
<tag>Setter</tag>
<doc>Clears and fills the given ``txt`` into the text field found by ``selector``.</doc>
<status status="PASS" start="2026-03-02T17:32:21.908566" elapsed="0.011597"/>
</kw>
<kw name="Fill Text" owner="Browser">
<msg time="2026-03-02T17:32:21.920770" level="INFO">Fills the text 'password' in the given field.</msg>
<arg>${PASSWORD_FIELD}</arg>
<arg>${password}</arg>
<tag>PageContent</tag>
<tag>Setter</tag>
<doc>Clears and fills the given ``txt`` into the text field found by ``selector``.</doc>
<status status="PASS" start="2026-03-02T17:32:21.920380" elapsed="0.044490"/>
</kw>
<kw name="Click" owner="Browser">
<msg time="2026-03-02T17:32:21.965388" level="INFO">Clicks the element 'id=submit-button'.</msg>
<arg>${LOGIN_BUTTON}</arg>
<tag>PageContent</tag>
<tag>Setter</tag>
<doc>Simulates mouse click on the element found by ``selector``.</doc>
<status status="PASS" start="2026-03-02T17:32:21.965040" elapsed="0.035315"/>
</kw>
<kw name="Wait For Elements State" owner="Browser">
<msg time="2026-03-02T17:32:22.129212" level="INFO">Waited for Element with selector text=products at state visible</msg>
<arg>text=products</arg>
<arg>visible</arg>
<tag>PageContent</tag>
<tag>Wait</tag>
<doc>Waits for the element found by ``selector`` to satisfy state option.</doc>
<status status="PASS" start="2026-03-02T17:32:22.000527" elapsed="0.128808"/>
</kw>
<arg>${USERNAME}</arg>
<arg>${PASSWORD}</arg>
<status status="PASS" start="2026-03-02T17:32:21.908307" elapsed="0.221129"/>
</kw>
<status status="PASS" start="2026-03-02T17:32:21.790935" elapsed="0.338660"/>
</test>
<test id="s1-s1-t2" name="Product list page" line="22">
<kw name="Redirect to product list page" owner="product_list_page">
<kw name="Get Url" owner="Browser">
<msg time="2026-03-02T17:32:22.135156" level="INFO">${URL_STORE} = https://merchandise-dev.odds.team/store.html</msg>
<var>${URL_STORE}</var>
<tag>Assertion</tag>
<tag>Getter</tag>
<tag>PageContent</tag>
<doc>Returns the current URL.</doc>
<status status="PASS" start="2026-03-02T17:32:22.134001" elapsed="0.001186"/>
</kw>
<kw name="Should Contain" owner="BuiltIn">
<arg>${URL_STORE}</arg>
<arg>store</arg>
<doc>Fails if ``container`` does not contain ``item`` one or more times.</doc>
<status status="PASS" start="2026-03-02T17:32:22.135302" elapsed="0.000426"/>
</kw>
<kw name="Get Text" owner="Browser">
<msg time="2026-03-02T17:32:22.151598" level="INFO">Text: 'products'</msg>
<msg time="2026-03-02T17:32:22.151727" level="INFO">${TITLE_PRODUCT} = products</msg>
<var>${TITLE_PRODUCT}</var>
<arg>text=products</arg>
<tag>Assertion</tag>
<tag>Getter</tag>
<tag>PageContent</tag>
<doc>Returns text attribute of the element found by ``selector``.</doc>
<status status="PASS" start="2026-03-02T17:32:22.135831" elapsed="0.015966"/>
</kw>
<kw name="Should Be Equal" owner="BuiltIn">
<arg>${TITLE_PRODUCT}</arg>
<arg>products</arg>
<doc>Fails if the given objects are unequal.</doc>
<status status="PASS" start="2026-03-02T17:32:22.152097" elapsed="0.000378"/>
</kw>
<kw name="Wait For Elements State" owner="Browser">
<msg time="2026-03-02T17:32:22.165756" level="INFO">Waited for Element with selector data-testid=cart at state visible</msg>
<arg>data-testid=cart</arg>
<arg>visible</arg>
<tag>PageContent</tag>
<tag>Wait</tag>
<doc>Waits for the element found by ``selector`` to satisfy state option.</doc>
<status status="PASS" start="2026-03-02T17:32:22.152587" elapsed="0.013294"/>
</kw>
<status status="PASS" start="2026-03-02T17:32:22.133762" elapsed="0.032216"/>
</kw>
<kw name="Product list should be displayed" owner="product_list_page">
<kw name="Get Text" owner="Browser">
<msg time="2026-03-02T17:32:22.171799" level="INFO">Text: 'TerraFlex Hoodie'</msg>
<msg time="2026-03-02T17:32:22.171902" level="INFO">${PRODUCT_1} = TerraFlex Hoodie</msg>
<var>${PRODUCT_1}</var>
<arg>text=${PRODUCT_NAME_1}</arg>
<tag>Assertion</tag>
<tag>Getter</tag>
<tag>PageContent</tag>
<doc>Returns text attribute of the element found by ``selector``.</doc>
<status status="PASS" start="2026-03-02T17:32:22.166444" elapsed="0.005479"/>
</kw>
<kw name="Should Be Equal" owner="BuiltIn">
<arg>${PRODUCT_1}</arg>
<arg>${PRODUCT_NAME_1}</arg>
<doc>Fails if the given objects are unequal.</doc>
<status status="PASS" start="2026-03-02T17:32:22.172043" elapsed="0.000266"/>
</kw>
<kw name="Get Text" owner="Browser">
<msg time="2026-03-02T17:32:22.177338" level="INFO">Text: 'NordicPeak Jacket'</msg>
<msg time="2026-03-02T17:32:22.177431" level="INFO">${PRODUCT_2} = NordicPeak Jacket</msg>
<var>${PRODUCT_2}</var>
<arg>text=${PRODUCT_NAME_2}</arg>
<tag>Assertion</tag>
<tag>Getter</tag>
<tag>PageContent</tag>
<doc>Returns text attribute of the element found by ``selector``.</doc>
<status status="PASS" start="2026-03-02T17:32:22.172403" elapsed="0.005046"/>
</kw>
<kw name="Should Be Equal" owner="BuiltIn">
<arg>${PRODUCT_2}</arg>
<arg>${PRODUCT_NAME_2}</arg>
<doc>Fails if the given objects are unequal.</doc>
<status status="PASS" start="2026-03-02T17:32:22.177561" elapsed="0.000256"/>
</kw>
<status status="PASS" start="2026-03-02T17:32:22.166188" elapsed="0.011682"/>
</kw>
<kw name="Add product to cart" owner="product_list_page">
<kw name="Click" owner="Browser">
<msg time="2026-03-02T17:32:22.178483" level="INFO">Clicks the element 'css=div[data-sku="0000000001"] &gt;&gt; data-testid=add-to-cart-button'.</msg>
<arg>css=div[data-sku="${SKU}"] &gt;&gt; data-testid=add-to-cart-button</arg>
<tag>PageContent</tag>
<tag>Setter</tag>
<doc>Simulates mouse click on the element found by ``selector``.</doc>
<status status="PASS" start="2026-03-02T17:32:22.178240" elapsed="0.013923"/>
</kw>
<kw name="Wait For Elements State" owner="Browser">
<msg time="2026-03-02T17:32:22.194510" level="INFO">Waited for Element with selector data-testid=cart-items-count at state visible</msg>
<arg>data-testid=cart-items-count</arg>
<arg>visible</arg>
<tag>PageContent</tag>
<tag>Wait</tag>
<doc>Waits for the element found by ``selector`` to satisfy state option.</doc>
<status status="PASS" start="2026-03-02T17:32:22.192327" elapsed="0.002274"/>
</kw>
<arg>${SKU_PRODUCT_1}</arg>
<status status="PASS" start="2026-03-02T17:32:22.178027" elapsed="0.016650"/>
</kw>
<kw name="Click cart" owner="product_list_page">
<kw name="Click" owner="Browser">
<msg time="2026-03-02T17:32:22.195326" level="INFO">Clicks the element 'data-testid=cart'.</msg>
<arg>data-testid=cart</arg>
<tag>PageContent</tag>
<tag>Setter</tag>
<doc>Simulates mouse click on the element found by ``selector``.</doc>
<status status="PASS" start="2026-03-02T17:32:22.195099" elapsed="0.118271"/>
</kw>
<kw name="Get Url" owner="Browser">
<msg time="2026-03-02T17:32:22.315169" level="INFO">${URL_CART} = https://merchandise-dev.odds.team/cart.html</msg>
<var>${URL_CART}</var>
<tag>Assertion</tag>
<tag>Getter</tag>
<tag>PageContent</tag>
<doc>Returns the current URL.</doc>
<status status="PASS" start="2026-03-02T17:32:22.313567" elapsed="0.001637"/>
</kw>
<kw name="Should Contain" owner="BuiltIn">
<arg>${URL_CART}</arg>
<arg>cart</arg>
<doc>Fails if ``container`` does not contain ``item`` one or more times.</doc>
<status status="PASS" start="2026-03-02T17:32:22.315335" elapsed="0.000370"/>
</kw>
<kw name="Wait For Elements State" owner="Browser">
<msg time="2026-03-02T17:32:22.330118" level="INFO">Waited for Element with selector text=your cart at state visible</msg>
<arg>text=your cart</arg>
<arg>visible</arg>
<tag>PageContent</tag>
<tag>Wait</tag>
<doc>Waits for the element found by ``selector`` to satisfy state option.</doc>
<status status="PASS" start="2026-03-02T17:32:22.315808" elapsed="0.014465"/>
</kw>
<kw name="Wait For Elements State" owner="Browser">
<msg time="2026-03-02T17:32:22.333201" level="INFO">Waited for Element with selector data-testid=checkout-button at state visible</msg>
<arg>data-testid=checkout-button</arg>
<arg>visible</arg>
<tag>PageContent</tag>
<tag>Wait</tag>
<doc>Waits for the element found by ``selector`` to satisfy state option.</doc>
<status status="PASS" start="2026-03-02T17:32:22.330481" elapsed="0.002806"/>
</kw>
<status status="PASS" start="2026-03-02T17:32:22.194868" elapsed="0.138494"/>
</kw>
<status status="PASS" start="2026-03-02T17:32:22.132325" elapsed="0.201175"/>
</test>
<test id="s1-s1-t3" name="Cart page" line="28">
<kw name="Product in cart should be correct" owner="cart_page">
<kw name="Wait For Elements State" owner="Browser">
<msg time="2026-03-02T17:32:22.414589" level="INFO">Waited for Element with selector data-testid=cart-item at state visible</msg>
<arg>data-testid=cart-item</arg>
<arg>visible</arg>
<tag>PageContent</tag>
<tag>Wait</tag>
<doc>Waits for the element found by ``selector`` to satisfy state option.</doc>
<status status="PASS" start="2026-03-02T17:32:22.337679" elapsed="0.077049"/>
</kw>
<kw name="Get Attribute" owner="Browser">
<msg time="2026-03-02T17:32:22.422966" level="INFO">Attribute is: '0000000001'</msg>
<msg time="2026-03-02T17:32:22.423076" level="INFO">${SKU_PRODUCT_CART} = 0000000001</msg>
<var>${SKU_PRODUCT_CART}</var>
<arg>data-testid=cart-item</arg>
<arg>data-sku</arg>
<tag>Assertion</tag>
<tag>Getter</tag>
<tag>PageContent</tag>
<doc>Returns the HTML ``attribute`` of the element found by ``selector``.</doc>
<status status="PASS" start="2026-03-02T17:32:22.414910" elapsed="0.008187"/>
</kw>
<kw name="Should Be Equal" owner="BuiltIn">
<arg>${SKU_PRODUCT_CART}</arg>
<arg>${SKU}</arg>
<doc>Fails if the given objects are unequal.</doc>
<status status="PASS" start="2026-03-02T17:32:22.423230" elapsed="0.000306"/>
</kw>
<arg>${SKU_PRODUCT_1}</arg>
<status status="PASS" start="2026-03-02T17:32:22.337349" elapsed="0.086248"/>
</kw>
<kw name="Click checkout button" owner="cart_page">
<kw name="Click" owner="Browser">
<msg time="2026-03-02T17:32:22.424196" level="INFO">Clicks the element 'data-testid=checkout-button'.</msg>
<arg>data-testid=checkout-button</arg>
<tag>PageContent</tag>
<tag>Setter</tag>
<doc>Simulates mouse click on the element found by ``selector``.</doc>
<status status="PASS" start="2026-03-02T17:32:22.423975" elapsed="0.124830"/>
</kw>
<kw name="Get Url" owner="Browser">
<msg time="2026-03-02T17:32:22.550622" level="INFO">${URL_CHECKOUT} = https://merchandise-dev.odds.team/check-out.html</msg>
<var>${URL_CHECKOUT}</var>
<tag>Assertion</tag>
<tag>Getter</tag>
<tag>PageContent</tag>
<doc>Returns the current URL.</doc>
<status status="PASS" start="2026-03-02T17:32:22.549003" elapsed="0.001653"/>
</kw>
<kw name="Should Contain" owner="BuiltIn">
<arg>${URL_CHECKOUT}</arg>
<arg>check-out</arg>
<doc>Fails if ``container`` does not contain ``item`` one or more times.</doc>
<status status="PASS" start="2026-03-02T17:32:22.550788" elapsed="0.000301"/>
</kw>
<status status="PASS" start="2026-03-02T17:32:22.423764" elapsed="0.127441"/>
</kw>
<kw name="Fill shipping address" owner="cart_page">
<kw name="Fill Text" owner="Browser">
<msg time="2026-03-02T17:32:22.552023" level="INFO">Fills the text 'QA' in the given field.</msg>
<arg>data-testid=firstname-field</arg>
<arg>QA</arg>
<tag>PageContent</tag>
<tag>Setter</tag>
<doc>Clears and fills the given ``txt`` into the text field found by ``selector``.</doc>
<status status="PASS" start="2026-03-02T17:32:22.551757" elapsed="0.016571"/>
</kw>
<kw name="Fill Text" owner="Browser">
<msg time="2026-03-02T17:32:22.568832" level="INFO">Fills the text 'Automation' in the given field.</msg>
<arg>data-testid=lastname-field</arg>
<arg>Automation</arg>
<tag>PageContent</tag>
<tag>Setter</tag>
<doc>Clears and fills the given ``txt`` into the text field found by ``selector``.</doc>
<status status="PASS" start="2026-03-02T17:32:22.568499" elapsed="0.004642"/>
</kw>
<kw name="Fill Text" owner="Browser">
<msg time="2026-03-02T17:32:22.573588" level="INFO">Fills the text 'automation@mailinator.com' in the given field.</msg>
<arg>data-testid=email-field</arg>
<arg>automation@mailinator.com</arg>
<tag>PageContent</tag>
<tag>Setter</tag>
<doc>Clears and fills the given ``txt`` into the text field found by ``selector``.</doc>
<status status="PASS" start="2026-03-02T17:32:22.573287" elapsed="0.003101"/>
</kw>
<kw name="Fill Text" owner="Browser">
<msg time="2026-03-02T17:32:22.576781" level="INFO">Fills the text '12345' in the given field.</msg>
<arg>data-testid=zipcode-field</arg>
<arg>12345</arg>
<tag>PageContent</tag>
<tag>Setter</tag>
<doc>Clears and fills the given ``txt`` into the text field found by ``selector``.</doc>
<status status="PASS" start="2026-03-02T17:32:22.576523" elapsed="0.004010"/>
</kw>
<status status="PASS" start="2026-03-02T17:32:22.551405" elapsed="0.029211"/>
</kw>
<kw name="Click confirm payment button" owner="cart_page">
<kw name="Click" owner="Browser">
<msg time="2026-03-02T17:32:22.581244" level="INFO">Clicks the element 'data-testid=confirm-payment-button'.</msg>
<arg>data-testid=confirm-payment-button</arg>
<tag>PageContent</tag>
<tag>Setter</tag>
<doc>Simulates mouse click on the element found by ``selector``.</doc>
<status status="PASS" start="2026-03-02T17:32:22.581018" elapsed="0.027085"/>
</kw>
<kw name="Wait For Elements State" owner="Browser">
<msg time="2026-03-02T17:32:22.804929" level="INFO">Waited for Element with selector text=Thank you for your order at state visible</msg>
<arg>text=Thank you for your order</arg>
<arg>visible</arg>
<tag>PageContent</tag>
<tag>Wait</tag>
<doc>Waits for the element found by ``selector`` to satisfy state option.</doc>
<status status="PASS" start="2026-03-02T17:32:22.608268" elapsed="0.196816"/>
</kw>
<status status="PASS" start="2026-03-02T17:32:22.580791" elapsed="0.224429"/>
</kw>
<status status="PASS" start="2026-03-02T17:32:22.335903" elapsed="0.469744"/>
</test>
<test id="s1-s1-t4" name="Thank you page" line="34">
<kw name="Thank you page should be displayed" owner="thankyou_page">
<kw name="Get Text" owner="Browser">
<msg time="2026-03-02T17:32:22.819798" level="INFO">Text: 'Thank you for your order.'</msg>
<msg time="2026-03-02T17:32:22.820449" level="INFO">${GET_TEXT} = Thank you for your order.</msg>
<var>${GET_TEXT}</var>
<arg>text=Thank you for your order.</arg>
<tag>Assertion</tag>
<tag>Getter</tag>
<tag>PageContent</tag>
<doc>Returns text attribute of the element found by ``selector``.</doc>
<status status="PASS" start="2026-03-02T17:32:22.810205" elapsed="0.010354"/>
</kw>
<kw name="Should Be Equal" owner="BuiltIn">
<arg>${GET_TEXT}</arg>
<arg>Thank you for your order.</arg>
<doc>Fails if the given objects are unequal.</doc>
<status status="PASS" start="2026-03-02T17:32:22.820781" elapsed="0.000338"/>
</kw>
<kw name="Wait For Elements State" owner="Browser">
<msg time="2026-03-02T17:32:22.823307" level="INFO">Waited for Element with selector text=Thank you for your order. at state visible</msg>
<arg>text=Thank you for your order.</arg>
<arg>visible</arg>
<tag>PageContent</tag>
<tag>Wait</tag>
<doc>Waits for the element found by ``selector`` to satisfy state option.</doc>
<status status="PASS" start="2026-03-02T17:32:22.821224" elapsed="0.002166"/>
</kw>
<kw name="Wait For Elements State" owner="Browser">
<msg time="2026-03-02T17:32:22.825396" level="INFO">Waited for Element with selector data-testid=back-to-store-button at state visible</msg>
<arg>data-testid=back-to-store-button</arg>
<arg>visible</arg>
<tag>PageContent</tag>
<tag>Wait</tag>
<doc>Waits for the element found by ``selector`` to satisfy state option.</doc>
<status status="PASS" start="2026-03-02T17:32:22.823512" elapsed="0.001957"/>
</kw>
<status status="PASS" start="2026-03-02T17:32:22.809944" elapsed="0.015591"/>
</kw>
<status status="PASS" start="2026-03-02T17:32:22.808419" elapsed="0.017249"/>
</test>
<kw name="Close Browser" owner="Browser" type="TEARDOWN">
<msg time="2026-03-02T17:32:23.076206" level="INFO">Closed browser</msg>
<tag>BrowserControl</tag>
<tag>Setter</tag>
<doc>Closes the current browser.</doc>
<status status="PASS" start="2026-03-02T17:32:22.827887" elapsed="0.248450"/>
</kw>
<status status="PASS" start="2026-03-02T17:32:17.881640" elapsed="5.194767"/>
</suite>
<status status="PASS" start="2026-03-02T17:32:17.863117" elapsed="5.216161"/>
</suite>
<statistics>
<total>
<stat pass="4" fail="0" skip="0">All Tests</stat>
</total>
<tag>
</tag>
<suite>
<stat name="Tests" id="s1" pass="4" fail="0" skip="0">Tests</stat>
<stat name="Successfully Flow" id="s1-s1" pass="4" fail="0" skip="0">Tests.Successfully Flow</stat>
</suite>
</statistics>
<errors>
</errors>
</robot>
